<?xml version="1.0" encoding="UTF-8"?>
<!-- Generated by org.testng.reporters.JUnitReportReporter -->
<testsuite skipped="0" hostname="DESKTOP-E467G5V" name="tests.Testing" tests="1" failures="0" timestamp="15 May 2019 17:22:07 GMT" time="17.754" errors="0">
  <testcase name="pruebauno" time="17.754" classname="tests.Testing"/>
</testsuite> <!-- tests.Testing -->
