<?xml version="1.0" encoding="UTF-8"?>
<!-- Generated by org.testng.reporters.JUnitReportReporter -->
<testsuite skipped="0" hostname="DESKTOP-E467G5V" name="tests.Testing" tests="4" failures="0" timestamp="17 May 2019 17:03:09 GMT" time="53.519" errors="0">
  <testcase name="pruebauno" time="12.602" classname="tests.Testing"/>
  <testcase name="pruebaCantidadDeCampos" time="8.847" classname="tests.Testing"/>
  <testcase name="pruebaDos" time="16.023" classname="tests.Testing"/>
  <testcase name="pruebaTres" time="16.047" classname="tests.Testing"/>
</testsuite> <!-- tests.Testing -->
