<?xml version="1.0" encoding="UTF-8"?>
<!-- Generated by org.testng.reporters.JUnitReportReporter -->
<testsuite skipped="0" hostname="DESKTOP-E467G5V" name="tests.Testing" tests="4" failures="0" timestamp="20 May 2019 15:07:25 GMT" time="61.643" errors="0">
  <testcase name="pruebaDos" time="13.014" classname="tests.Testing"/>
  <testcase name="pruebauno" time="21.750" classname="tests.Testing"/>
  <testcase name="pruebaTres" time="19.691" classname="tests.Testing"/>
  <testcase name="pruebaCantidadDeCampos" time="7.188" classname="tests.Testing"/>
</testsuite> <!-- tests.Testing -->
