<?xml version="1.0" encoding="UTF-8"?>
<!-- Generated by org.testng.reporters.JUnitReportReporter -->
<testsuite skipped="0" hostname="DESKTOP-E467G5V" name="tests.Testing" tests="3" failures="0" timestamp="16 May 2019 16:15:49 GMT" time="45.615" errors="0">
  <testcase name="pruebaDos" time="16.630" classname="tests.Testing"/>
  <testcase name="pruebaTres" time="18.545" classname="tests.Testing"/>
  <testcase name="pruebauno" time="10.440" classname="tests.Testing"/>
</testsuite> <!-- tests.Testing -->
